<?xml version="1.0" encoding="UTF-8"?><testrun name="MaxTemparatureMapperTest" project="WeatherInfoWithMRUNIT" tests="4" started="4" failures="1" errors="1" ignored="0">
  <testsuite name="v1.MaxTemparatureMapperTest" time="0.457">
    <testcase name="returnsMaixmumIntergerInValues" classname="v1.MaxTemparatureMapperTest" time="0.237">
      <failure>java.lang.AssertionError: 2 Error(s): (Received unexpected output (1950, 10) at position 2., Received unexpected output (1950, 5) at position 1.)
	at org.junit.Assert.fail(Assert.java:88)
	at org.apache.hadoop.mrunit.internal.util.Errors.assertNone(Errors.java:61)
	at org.apache.hadoop.mrunit.TestDriver.validate(TestDriver.java:711)
	at org.apache.hadoop.mrunit.TestDriver.runTest(TestDriver.java:575)
	at org.apache.hadoop.mrunit.TestDriver.runTest(TestDriver.java:561)
	at v1.MaxTemparatureMapperTest.returnsMaixmumIntergerInValues(MaxTemparatureMapperTest.java:55)
	at sun.reflect.NativeMethodAccessorImpl.invoke0(Native Method)
	at sun.reflect.NativeMethodAccessorImpl.invoke(NativeMethodAccessorImpl.java:62)
	at sun.reflect.DelegatingMethodAccessorImpl.invoke(DelegatingMethodAccessorImpl.java:43)
	at java.lang.reflect.Method.invoke(Method.java:483)
	at org.junit.runners.model.FrameworkMethod$1.runReflectiveCall(FrameworkMethod.java:47)
	at org.junit.internal.runners.model.ReflectiveCallable.run(ReflectiveCallable.java:12)
	at org.junit.runners.model.FrameworkMethod.invokeExplosively(FrameworkMethod.java:44)
	at org.junit.internal.runners.statements.InvokeMethod.evaluate(InvokeMethod.java:17)
	at org.junit.runners.ParentRunner.runLeaf(ParentRunner.java:271)
	at org.junit.runners.BlockJUnit4ClassRunner.runChild(BlockJUnit4ClassRunner.java:70)
	at org.junit.runners.BlockJUnit4ClassRunner.runChild(BlockJUnit4ClassRunner.java:50)
	at org.junit.runners.ParentRunner$3.run(ParentRunner.java:238)
	at org.junit.runners.ParentRunner$1.schedule(ParentRunner.java:63)
	at org.junit.runners.ParentRunner.runChildren(ParentRunner.java:236)
	at org.junit.runners.ParentRunner.access$000(ParentRunner.java:53)
	at org.junit.runners.ParentRunner$2.evaluate(ParentRunner.java:229)
	at org.junit.runners.ParentRunner.run(ParentRunner.java:309)
	at org.eclipse.jdt.internal.junit4.runner.JUnit4TestReference.run(JUnit4TestReference.java:50)
	at org.eclipse.jdt.internal.junit.runner.TestExecution.run(TestExecution.java:38)
	at org.eclipse.jdt.internal.junit.runner.RemoteTestRunner.runTests(RemoteTestRunner.java:459)
	at org.eclipse.jdt.internal.junit.runner.RemoteTestRunner.runTests(RemoteTestRunner.java:675)
	at org.eclipse.jdt.internal.junit.runner.RemoteTestRunner.run(RemoteTestRunner.java:382)
	at org.eclipse.jdt.internal.junit.runner.RemoteTestRunner.main(RemoteTestRunner.java:192)

</failure>
    </testcase>
    <testcase name="ignoreMissingTemperatureRecord" classname="v1.MaxTemparatureMapperTest" time="0.025"/>
    <testcase name="test" classname="v1.MaxTemparatureMapperTest" time="0.188">
      <error>java.lang.NoClassDefFoundError: org/apache/commons/lang/StringUtils
	at org.apache.hadoop.metrics2.lib.MetricMutableStat.&lt;init&gt;(MetricMutableStat.java:59)
	at org.apache.hadoop.metrics2.impl.MetricsSystemImpl.&lt;init&gt;(MetricsSystemImpl.java:75)
	at org.apache.hadoop.metrics2.impl.MetricsSystemImpl.&lt;init&gt;(MetricsSystemImpl.java:120)
	at org.apache.hadoop.metrics2.lib.DefaultMetricsSystem.&lt;init&gt;(DefaultMetricsSystem.java:37)
	at org.apache.hadoop.metrics2.lib.DefaultMetricsSystem.&lt;clinit&gt;(DefaultMetricsSystem.java:34)
	at org.apache.hadoop.security.UgiInstrumentation.create(UgiInstrumentation.java:51)
	at org.apache.hadoop.security.UserGroupInformation.initialize(UserGroupInformation.java:217)
	at org.apache.hadoop.security.UserGroupInformation.ensureInitialized(UserGroupInformation.java:185)
	at org.apache.hadoop.security.UserGroupInformation.isSecurityEnabled(UserGroupInformation.java:237)
	at org.apache.hadoop.security.KerberosName.&lt;clinit&gt;(KerberosName.java:79)
	at org.apache.hadoop.security.UserGroupInformation.initialize(UserGroupInformation.java:210)
	at org.apache.hadoop.security.UserGroupInformation.ensureInitialized(UserGroupInformation.java:185)
	at org.apache.hadoop.security.UserGroupInformation.isSecurityEnabled(UserGroupInformation.java:237)
	at org.apache.hadoop.security.UserGroupInformation.getLoginUser(UserGroupInformation.java:522)
	at org.apache.hadoop.security.UserGroupInformation.getCurrentUser(UserGroupInformation.java:505)
	at org.apache.hadoop.fs.FileSystem$Cache$Key.&lt;init&gt;(FileSystem.java:1554)
	at org.apache.hadoop.fs.FileSystem$Cache.get(FileSystem.java:1455)
	at org.apache.hadoop.fs.FileSystem.get(FileSystem.java:263)
	at org.apache.hadoop.fs.FileSystem.getLocal(FileSystem.java:234)
	at v1.MaxTemparatureMapperTest.test(MaxTemparatureMapperTest.java:67)
	at sun.reflect.NativeMethodAccessorImpl.invoke0(Native Method)
	at sun.reflect.NativeMethodAccessorImpl.invoke(NativeMethodAccessorImpl.java:62)
	at sun.reflect.DelegatingMethodAccessorImpl.invoke(DelegatingMethodAccessorImpl.java:43)
	at java.lang.reflect.Method.invoke(Method.java:483)
	at org.junit.runners.model.FrameworkMethod$1.runReflectiveCall(FrameworkMethod.java:47)
	at org.junit.internal.runners.model.ReflectiveCallable.run(ReflectiveCallable.java:12)
	at org.junit.runners.model.FrameworkMethod.invokeExplosively(FrameworkMethod.java:44)
	at org.junit.internal.runners.statements.InvokeMethod.evaluate(InvokeMethod.java:17)
	at org.junit.runners.ParentRunner.runLeaf(ParentRunner.java:271)
	at org.junit.runners.BlockJUnit4ClassRunner.runChild(BlockJUnit4ClassRunner.java:70)
	at org.junit.runners.BlockJUnit4ClassRunner.runChild(BlockJUnit4ClassRunner.java:50)
	at org.junit.runners.ParentRunner$3.run(ParentRunner.java:238)
	at org.junit.runners.ParentRunner$1.schedule(ParentRunner.java:63)
	at org.junit.runners.ParentRunner.runChildren(ParentRunner.java:236)
	at org.junit.runners.ParentRunner.access$000(ParentRunner.java:53)
	at org.junit.runners.ParentRunner$2.evaluate(ParentRunner.java:229)
	at org.junit.runners.ParentRunner.run(ParentRunner.java:309)
	at org.eclipse.jdt.internal.junit4.runner.JUnit4TestReference.run(JUnit4TestReference.java:50)
	at org.eclipse.jdt.internal.junit.runner.TestExecution.run(TestExecution.java:38)
	at org.eclipse.jdt.internal.junit.runner.RemoteTestRunner.runTests(RemoteTestRunner.java:459)
	at org.eclipse.jdt.internal.junit.runner.RemoteTestRunner.runTests(RemoteTestRunner.java:675)
	at org.eclipse.jdt.internal.junit.runner.RemoteTestRunner.run(RemoteTestRunner.java:382)
	at org.eclipse.jdt.internal.junit.runner.RemoteTestRunner.main(RemoteTestRunner.java:192)
Caused by: java.lang.ClassNotFoundException: org.apache.commons.lang.StringUtils
	at java.net.URLClassLoader$1.run(URLClassLoader.java:372)
	at java.net.URLClassLoader$1.run(URLClassLoader.java:361)
	at java.security.AccessController.doPrivileged(Native Method)
	at java.net.URLClassLoader.findClass(URLClassLoader.java:360)
	at java.lang.ClassLoader.loadClass(ClassLoader.java:424)
	at sun.misc.Launcher$AppClassLoader.loadClass(Launcher.java:308)
	at java.lang.ClassLoader.loadClass(ClassLoader.java:357)
	... 43 more

</error>
    </testcase>
    <testcase name="parseValidRecord" classname="v1.MaxTemparatureMapperTest" time="0.006"/>
  </testsuite>
</testrun>
